0 info it worked if it ends with ok
1 verbose cli [ '/usr/local/bin/node', '/usr/local/bin/npm', 'start' ]
2 info using npm@3.9.0
3 info using node@v5.10.0
4 verbose run-script [ 'prestart', 'start', 'poststart' ]
5 info lifecycle buzzer@0.0.1~prestart: buzzer@0.0.1
6 silly lifecycle buzzer@0.0.1~prestart: no script for prestart, continuing
7 info lifecycle buzzer@0.0.1~start: buzzer@0.0.1
8 verbose lifecycle buzzer@0.0.1~start: unsafe-perm in lifecycle true
9 verbose lifecycle buzzer@0.0.1~start: PATH: /usr/local/lib/node_modules/npm/bin/node-gyp-bin:/Users/BajinderSingh/Sites/FinalProject/client/node_modules/.bin:/usr/local/bin:/opt/local/bin:/opt/local/sbin:/usr/local/bin:/usr/bin:/bin:/usr/sbin:/sbin:/Users/BajinderSingh/derby/bin:/Users/BajinderSingh/glassfish4/glassfish/bin:/Users/BajinderSingh/apache-maven-3.3.9/bin:/Users/BajinderSingh/android-sdks/platform-tools:/Users/BajinderSingh/android-sdks/tools:/Users/BajinderSingh/mongo/bin
10 verbose lifecycle buzzer@0.0.1~start: CWD: /Users/BajinderSingh/Sites/FinalProject/client
11 silly lifecycle buzzer@0.0.1~start: Args: [ '-c', 'node server.js' ]
12 silly lifecycle buzzer@0.0.1~start: Returned: code: 1  signal: null
13 info lifecycle buzzer@0.0.1~start: Failed to exec start script
14 verbose stack Error: buzzer@0.0.1 start: `node server.js`
14 verbose stack Exit status 1
14 verbose stack     at EventEmitter.<anonymous> (/usr/local/lib/node_modules/npm/lib/utils/lifecycle.js:245:16)
14 verbose stack     at emitTwo (events.js:100:13)
14 verbose stack     at EventEmitter.emit (events.js:185:7)
14 verbose stack     at ChildProcess.<anonymous> (/usr/local/lib/node_modules/npm/lib/utils/spawn.js:24:14)
14 verbose stack     at emitTwo (events.js:100:13)
14 verbose stack     at ChildProcess.emit (events.js:185:7)
14 verbose stack     at maybeClose (internal/child_process.js:850:16)
14 verbose stack     at Process.ChildProcess._handle.onexit (internal/child_process.js:215:5)
15 verbose pkgid buzzer@0.0.1
16 verbose cwd /Users/BajinderSingh/Sites/FinalProject/client
17 error Darwin 15.6.0
18 error argv "/usr/local/bin/node" "/usr/local/bin/npm" "start"
19 error node v5.10.0
20 error npm  v3.9.0
21 error code ELIFECYCLE
22 error buzzer@0.0.1 start: `node server.js`
22 error Exit status 1
23 error Failed at the buzzer@0.0.1 start script 'node server.js'.
23 error Make sure you have the latest version of node.js and npm installed.
23 error If you do, this is most likely a problem with the buzzer package,
23 error not with npm itself.
23 error Tell the author that this fails on your system:
23 error     node server.js
23 error You can get information on how to open an issue for this project with:
23 error     npm bugs buzzer
23 error Or if that isn't available, you can get their info via:
23 error     npm owner ls buzzer
23 error There is likely additional logging output above.
24 verbose exit [ 1, true ]
